#
# There is insufficient memory for the Java Runtime Environment to continue.
# Native memory allocation (mmap) failed to map 17825792 bytes for G1 virtual space
# Possible reasons:
#   The system is out of physical RAM or swap space
#   The process is running with CompressedOops enabled, and the Java Heap may be blocking the growth of the native heap
# Possible solutions:
#   Reduce memory load on the system
#   Increase physical memory or swap space
#   Check if swap backing store is full
#   Decrease Java heap size (-Xmx/-Xms)
#   Decrease number of Java threads
#   Decrease Java thread stack sizes (-Xss)
#   Set larger code cache with -XX:ReservedCodeCacheSize=
#   JVM is running with Unscaled Compressed Oops mode in which the Java heap is
#     placed in the first 4GB address space. The Java Heap base address is the
#     maximum limit for the native heap growth. Please use -XX:HeapBaseMinAddress
#     to set the Java Heap base and to place the Java Heap above 4GB virtual address.
# This output file may be truncated or incomplete.
#
#  Out of Memory Error (os_windows.cpp:3527), pid=7732, tid=6260
#
# JRE version: OpenJDK Runtime Environment (19.0.1+10) (build 19.0.1+10-21)
# Java VM: OpenJDK 64-Bit Server VM (19.0.1+10-21, mixed mode, sharing, tiered, compressed oops, compressed class ptrs, g1 gc, windows-amd64)
# No core dump will be written. Minidumps are not enabled by default on client versions of Windows
#

---------------  S U M M A R Y ------------

Command Line: -Dclassworlds.conf=C:\apache-maven-3.8.6\bin\m2.conf -Dmaven.home=C:\apache-maven-3.8.6 -Dlibrary.jansi.path=C:\apache-maven-3.8.6\lib\jansi-native -Dmaven.multiModuleProjectDirectory=C:\Users\IMOE001\Desktop\ProjectX\server org.codehaus.plexus.classworlds.launcher.Launcher clean install

Host: Intel(R) Core(TM) i3-8145U CPU @ 2.10GHz, 4 cores, 7G,  Windows 10 , 64 bit Build 19041 (10.0.19041.2546)
Time: Sun Apr  9 00:08:07 2023  Windows 10 , 64 bit Build 19041 (10.0.19041.2546) elapsed time: 175.523473 seconds (0d 0h 2m 55s)

---------------  T H R E A D  ---------------

Current thread (0x0000016baf1cccc0):  VMThread "VM Thread" [stack: 0x0000002b42700000,0x0000002b42800000] [id=6260]

Stack: [0x0000002b42700000,0x0000002b42800000]
Native frames: (J=compiled Java code, j=interpreted, Vv=VM code, C=native code)
V  [jvm.dll+0x6ee8fa]
V  [jvm.dll+0x857a1e]
V  [jvm.dll+0x85940e]
V  [jvm.dll+0x859ac3]
V  [jvm.dll+0x28291f]
V  [jvm.dll+0x6eb6e9]
V  [jvm.dll+0x6e028a]
V  [jvm.dll+0x357136]
V  [jvm.dll+0x35eb96]
V  [jvm.dll+0x3b555e]
V  [jvm.dll+0x3b578f]
V  [jvm.dll+0x32c6ea]
V  [jvm.dll+0x32f276]
V  [jvm.dll+0x339df5]
V  [jvm.dll+0x372a40]
V  [jvm.dll+0x85ef83]
V  [jvm.dll+0x85fd49]
V  [jvm.dll+0x86027d]
V  [jvm.dll+0x86070b]
V  [jvm.dll+0x8607c7]
V  [jvm.dll+0x8015fa]
V  [jvm.dll+0x6ed5eb]
C  [ucrtbase.dll+0x21bb2]
C  [KERNEL32.DLL+0x17614]
C  [ntdll.dll+0x526a1]

VM_Operation (0x0000002b423ff7e0): G1PauseRemark, mode: safepoint, requested by thread 0x0000016b8f4cf720


---------------  P R O C E S S  ---------------

Threads class SMR info:
_java_thread_list=0x0000016bb4ea4dc0, length=14, elements={
0x0000016b8f45f040, 0x0000016baf1e7ef0, 0x0000016baf1eabf0, 0x0000016baf1ef200,
0x0000016baf210b50, 0x0000016baf211480, 0x0000016baf215310, 0x0000016baf219470,
0x0000016baf221df0, 0x0000016baf230cf0, 0x0000016baf231240, 0x0000016baf230250,
0x0000016baf22ed10, 0x0000016bb53ba610
}

Java Threads: ( => current thread )
  0x0000016b8f45f040 JavaThread "main" [_thread_blocked, id=736, stack(0x0000002b42100000,0x0000002b42200000)]
  0x0000016baf1e7ef0 JavaThread "Reference Handler" daemon [_thread_blocked, id=9352, stack(0x0000002b42800000,0x0000002b42900000)]
  0x0000016baf1eabf0 JavaThread "Finalizer" daemon [_thread_blocked, id=8600, stack(0x0000002b42900000,0x0000002b42a00000)]
  0x0000016baf1ef200 JavaThread "Signal Dispatcher" daemon [_thread_blocked, id=9376, stack(0x0000002b42a00000,0x0000002b42b00000)]
  0x0000016baf210b50 JavaThread "Attach Listener" daemon [_thread_blocked, id=11212, stack(0x0000002b42b00000,0x0000002b42c00000)]
  0x0000016baf211480 JavaThread "Service Thread" daemon [_thread_blocked, id=6324, stack(0x0000002b42c00000,0x0000002b42d00000)]
  0x0000016baf215310 JavaThread "Monitor Deflation Thread" daemon [_thread_blocked, id=12000, stack(0x0000002b42d00000,0x0000002b42e00000)]
  0x0000016baf219470 JavaThread "C2 CompilerThread0" daemon [_thread_in_native, id=14920, stack(0x0000002b42e00000,0x0000002b42f00000)]
  0x0000016baf221df0 JavaThread "C1 CompilerThread0" daemon [_thread_blocked, id=15992, stack(0x0000002b42f00000,0x0000002b43000000)]
  0x0000016baf230cf0 JavaThread "Sweeper thread" daemon [_thread_blocked, id=10148, stack(0x0000002b43000000,0x0000002b43100000)]
  0x0000016baf231240 JavaThread "Notification Thread" daemon [_thread_blocked, id=10584, stack(0x0000002b43100000,0x0000002b43200000)]
  0x0000016baf230250 JavaThread "Common-Cleaner" daemon [_thread_blocked, id=14580, stack(0x0000002b43300000,0x0000002b43400000)]
  0x0000016baf22ed10 JavaThread "jersey-client-async-executor-0" [_thread_blocked, id=5412, stack(0x0000002b43700000,0x0000002b43800000)]
  0x0000016bb53ba610 JavaThread "C2 CompilerThread1" daemon [_thread_blocked, id=7696, stack(0x0000002b41e00000,0x0000002b41f00000)]

Other Threads:
=>0x0000016baf1cccc0 VMThread "VM Thread" [stack: 0x0000002b42700000,0x0000002b42800000] [id=6260]
  0x0000016bb34f9af0 WatcherThread "VM Periodic Task Thread" [stack: 0x0000002b43200000,0x0000002b43300000] [id=10380]
  0x0000016b8f4bed20 WorkerThread "GC Thread#0" [stack: 0x0000002b42200000,0x0000002b42300000] [id=1252]
  0x0000016bb3c3c0c0 WorkerThread "GC Thread#1" [stack: 0x0000002b43400000,0x0000002b43500000] [id=3920]
  0x0000016bb3cc42f0 WorkerThread "GC Thread#2" [stack: 0x0000002b43500000,0x0000002b43600000] [id=11028]
  0x0000016bb3c9a090 WorkerThread "GC Thread#3" [stack: 0x0000002b43600000,0x0000002b43700000] [id=6196]
  0x0000016b8f4cf720 ConcurrentGCThread "G1 Main Marker" [stack: 0x0000002b42300000,0x0000002b42400000] [id=5512]
  0x0000016b8f4d1900 WorkerThread "G1 Conc#0" [stack: 0x0000002b42400000,0x0000002b42500000] [id=10012]
  0x0000016b8f52e1d0 ConcurrentGCThread "G1 Refine#0" [stack: 0x0000002b42500000,0x0000002b42600000] [id=792]
  0x0000016baf0870e0 ConcurrentGCThread "G1 Service" [stack: 0x0000002b42600000,0x0000002b42700000] [id=10444]

Threads with active compile tasks:
C2 CompilerThread0   175581 7875   !   4       org.codehaus.plexus.classworlds.realm.ClassRealm::loadClassFromSelf (40 bytes)
C2 CompilerThread1   175581 7876   !   4       java.net.URLClassLoader::findClass (47 bytes)

VM state: at safepoint (normal execution)

VM Mutex/Monitor currently owned by a thread:  ([mutex/lock_event])
[0x0000016b8f44b3a0] Threads_lock - owner thread: 0x0000016baf1cccc0
[0x0000016b8f44ab30] Heap_lock - owner thread: 0x0000016b8f4cf720

Heap address: 0x0000000083800000, size: 1992 MB, Compressed Oops mode: 32-bit

CDS archive(s) mapped at: [0x0000000800000000-0x0000000800c30000-0x0000000800c30000), size 12779520, SharedBaseAddress: 0x0000000800000000, ArchiveRelocationMode: 0.
Compressed class space mapped at: 0x0000000801000000-0x0000000841000000, reserved size: 1073741824
Narrow klass base: 0x0000000800000000, Narrow klass shift: 0, Narrow klass range: 0x100000000

GC Precious Log:
 CardTable entry size: 512
 Card Set container configuration: InlinePtr #cards 5 size 8 Array Of Cards #cards 12 size 40 Howl #buckets 4 coarsen threshold 1843 Howl Bitmap #cards 512 size 80 coarsen threshold 460 Card regions per heap region 1 cards per card region 2048
 CPUs: 4 total, 4 available
 Memory: 7960M
 Large Page Support: Disabled
 NUMA Support: Disabled
 Compressed Oops: Enabled (32-bit)
 Heap Region Size: 1M
 Heap Min Capacity: 8M
 Heap Initial Capacity: 126M
 Heap Max Capacity: 1992M
 Pre-touch: Disabled
 Parallel Workers: 4
 Concurrent Workers: 1
 Concurrent Refinement Workers: 4
 Periodic GC: Disabled

Heap:
 garbage-first heap   total 95232K, used 65989K [0x0000000083800000, 0x0000000100000000)
  region size 1024K, 5 young (5120K), 3 survivors (3072K)
 Metaspace       used 47125K, committed 47680K, reserved 1114112K
  class space    used 5348K, committed 5568K, reserved 1048576K

Heap Regions: E=young(eden), S=young(survivor), O=old, HS=humongous(starts), HC=humongous(continues), CS=collection set, F=free, OA=open archive, CA=closed archive, TAMS=top-at-mark-start (previous, next)
|   0|0x0000000083800000, 0x0000000083900000, 0x0000000083900000|100%| O|  |TAMS 0x0000000083900000, 0x0000000083800000| Untracked 
|   1|0x0000000083900000, 0x0000000083a00000, 0x0000000083a00000|100%| O|  |TAMS 0x0000000083a00000, 0x0000000083900000| Untracked 
|   2|0x0000000083a00000, 0x0000000083b00000, 0x0000000083b00000|100%| O|  |TAMS 0x0000000083b00000, 0x0000000083a00000| Untracked 
|   3|0x0000000083b00000, 0x0000000083c00000, 0x0000000083c00000|100%| O|  |TAMS 0x0000000083c00000, 0x0000000083b00000| Untracked 
|   4|0x0000000083c00000, 0x0000000083d00000, 0x0000000083d00000|100%| O|  |TAMS 0x0000000083d00000, 0x0000000083c00000| Untracked 
|   5|0x0000000083d00000, 0x0000000083e00000, 0x0000000083e00000|100%| O|  |TAMS 0x0000000083e00000, 0x0000000083d00000| Untracked 
|   6|0x0000000083e00000, 0x0000000083f00000, 0x0000000083f00000|100%| O|  |TAMS 0x0000000083f00000, 0x0000000083e00000| Untracked 
|   7|0x0000000083f00000, 0x0000000084000000, 0x0000000084000000|100%| O|  |TAMS 0x0000000084000000, 0x0000000083f00000| Untracked 
|   8|0x0000000084000000, 0x0000000084100000, 0x0000000084100000|100%| O|  |TAMS 0x0000000084100000, 0x0000000084000000| Untracked 
|   9|0x0000000084100000, 0x0000000084200000, 0x0000000084200000|100%| O|  |TAMS 0x0000000084200000, 0x0000000084100000| Untracked 
|  10|0x0000000084200000, 0x0000000084300000, 0x0000000084300000|100%| O|  |TAMS 0x0000000084300000, 0x0000000084200000| Untracked 
|  11|0x0000000084300000, 0x00000000843ef000, 0x0000000084400000| 93%| O|  |TAMS 0x00000000843ef000, 0x0000000084300000| Updating 
|  12|0x0000000084400000, 0x0000000084400000, 0x0000000084500000|  0%| F|  |TAMS 0x0000000084400000, 0x0000000084400000| Untracked 
|  13|0x0000000084500000, 0x0000000084600000, 0x0000000084600000|100%|HS|  |TAMS 0x0000000084600000, 0x0000000084500000| Complete 
|  14|0x0000000084600000, 0x0000000084700000, 0x0000000084700000|100%| O|  |TAMS 0x0000000084700000, 0x0000000084600000| Updating 
|  15|0x0000000084700000, 0x0000000084800000, 0x0000000084800000|100%| O|  |TAMS 0x0000000084800000, 0x0000000084700000| Updating 
|  16|0x0000000084800000, 0x0000000084900000, 0x0000000084900000|100%| O|  |TAMS 0x0000000084900000, 0x0000000084800000| Updating 
|  17|0x0000000084900000, 0x0000000084a00000, 0x0000000084a00000|100%| O|  |TAMS 0x0000000084a00000, 0x0000000084900000| Updating 
|  18|0x0000000084a00000, 0x0000000084b00000, 0x0000000084b00000|100%| O|  |TAMS 0x0000000084b00000, 0x0000000084a00000| Updating 
|  19|0x0000000084b00000, 0x0000000084c00000, 0x0000000084c00000|100%| O|  |TAMS 0x0000000084c00000, 0x0000000084b00000| Untracked 
|  20|0x0000000084c00000, 0x0000000084d00000, 0x0000000084d00000|100%| O|  |TAMS 0x0000000084d00000, 0x0000000084c00000| Untracked 
|  21|0x0000000084d00000, 0x0000000084e00000, 0x0000000084e00000|100%| O|  |TAMS 0x0000000084e00000, 0x0000000084d00000| Updating 
|  22|0x0000000084e00000, 0x0000000084f00000, 0x0000000084f00000|100%| O|  |TAMS 0x0000000084f00000, 0x0000000084e00000| Untracked 
|  23|0x0000000084f00000, 0x0000000085000000, 0x0000000085000000|100%| O|  |TAMS 0x0000000085000000, 0x0000000084f00000| Untracked 
|  24|0x0000000085000000, 0x0000000085100000, 0x0000000085100000|100%|HS|  |TAMS 0x0000000085100000, 0x0000000085000000| Complete 
|  25|0x0000000085100000, 0x0000000085200000, 0x0000000085200000|100%| O|  |TAMS 0x0000000085200000, 0x0000000085100000| Untracked 
|  26|0x0000000085200000, 0x0000000085300000, 0x0000000085300000|100%| O|  |TAMS 0x0000000085300000, 0x0000000085200000| Untracked 
|  27|0x0000000085300000, 0x0000000085400000, 0x0000000085400000|100%| O|  |TAMS 0x0000000085400000, 0x0000000085300000| Untracked 
|  28|0x0000000085400000, 0x0000000085500000, 0x0000000085500000|100%| O|  |TAMS 0x0000000085500000, 0x0000000085400000| Untracked 
|  29|0x0000000085500000, 0x0000000085600000, 0x0000000085600000|100%| O|  |TAMS 0x0000000085600000, 0x0000000085500000| Untracked 
|  30|0x0000000085600000, 0x0000000085700000, 0x0000000085700000|100%| O|  |TAMS 0x0000000085700000, 0x0000000085600000| Untracked 
|  31|0x0000000085700000, 0x0000000085800000, 0x0000000085800000|100%| O|  |TAMS 0x0000000085800000, 0x0000000085700000| Updating 
|  32|0x0000000085800000, 0x0000000085900000, 0x0000000085900000|100%| O|  |TAMS 0x0000000085900000, 0x0000000085800000| Untracked 
|  33|0x0000000085900000, 0x0000000085a00000, 0x0000000085a00000|100%| O|  |TAMS 0x0000000085a00000, 0x0000000085900000| Untracked 
|  34|0x0000000085a00000, 0x0000000085adf800, 0x0000000085b00000| 87%| O|  |TAMS 0x0000000085adf800, 0x0000000085a00000| Updating 
|  35|0x0000000085b00000, 0x0000000085c00000, 0x0000000085c00000|100%|HS|  |TAMS 0x0000000085c00000, 0x0000000085b00000| Complete 
|  36|0x0000000085c00000, 0x0000000085d00000, 0x0000000085d00000|100%|HC|  |TAMS 0x0000000085d00000, 0x0000000085c00000| Complete 
|  37|0x0000000085d00000, 0x0000000085e00000, 0x0000000085e00000|100%|HC|  |TAMS 0x0000000085e00000, 0x0000000085d00000| Complete 
|  38|0x0000000085e00000, 0x0000000085f00000, 0x0000000085f00000|100%|HS|  |TAMS 0x0000000085e00000, 0x0000000085e00000| Complete 
|  39|0x0000000085f00000, 0x0000000086000000, 0x0000000086000000|100%|HC|  |TAMS 0x0000000085f00000, 0x0000000085f00000| Complete 
|  40|0x0000000086000000, 0x0000000086100000, 0x0000000086100000|100%|HC|  |TAMS 0x0000000086000000, 0x0000000086000000| Complete 
|  41|0x0000000086100000, 0x0000000086200000, 0x0000000086200000|100%|HS|  |TAMS 0x0000000086100000, 0x0000000086100000| Complete 
|  42|0x0000000086200000, 0x0000000086300000, 0x0000000086300000|100%|HC|  |TAMS 0x0000000086200000, 0x0000000086200000| Complete 
|  43|0x0000000086300000, 0x0000000086400000, 0x0000000086400000|100%|HC|  |TAMS 0x0000000086300000, 0x0000000086300000| Complete 
|  44|0x0000000086400000, 0x0000000086500000, 0x0000000086500000|100%|HS|  |TAMS 0x0000000086400000, 0x0000000086400000| Complete 
|  45|0x0000000086500000, 0x0000000086600000, 0x0000000086600000|100%|HC|  |TAMS 0x0000000086500000, 0x0000000086500000| Complete 
|  46|0x0000000086600000, 0x0000000086700000, 0x0000000086700000|100%|HC|  |TAMS 0x0000000086600000, 0x0000000086600000| Complete 
|  47|0x0000000086700000, 0x0000000086800000, 0x0000000086800000|100%|HS|  |TAMS 0x0000000086700000, 0x0000000086700000| Complete 
|  48|0x0000000086800000, 0x0000000086900000, 0x0000000086900000|100%|HC|  |TAMS 0x0000000086800000, 0x0000000086800000| Complete 
|  49|0x0000000086900000, 0x0000000086a00000, 0x0000000086a00000|100%|HC|  |TAMS 0x0000000086900000, 0x0000000086900000| Complete 
|  50|0x0000000086a00000, 0x0000000086b00000, 0x0000000086b00000|100%|HS|  |TAMS 0x0000000086a00000, 0x0000000086a00000| Complete 
|  51|0x0000000086b00000, 0x0000000086c00000, 0x0000000086c00000|100%|HC|  |TAMS 0x0000000086b00000, 0x0000000086b00000| Complete 
|  52|0x0000000086c00000, 0x0000000086d00000, 0x0000000086d00000|100%|HC|  |TAMS 0x0000000086c00000, 0x0000000086c00000| Complete 
|  53|0x0000000086d00000, 0x0000000086e00000, 0x0000000086e00000|100%|HS|  |TAMS 0x0000000086d00000, 0x0000000086d00000| Complete 
|  54|0x0000000086e00000, 0x0000000086f00000, 0x0000000086f00000|100%|HC|  |TAMS 0x0000000086e00000, 0x0000000086e00000| Complete 
|  55|0x0000000086f00000, 0x0000000087000000, 0x0000000087000000|100%|HC|  |TAMS 0x0000000086f00000, 0x0000000086f00000| Complete 
|  56|0x0000000087000000, 0x0000000087100000, 0x0000000087100000|100%|HS|  |TAMS 0x0000000087000000, 0x0000000087000000| Complete 
|  57|0x0000000087100000, 0x0000000087200000, 0x0000000087200000|100%|HC|  |TAMS 0x0000000087100000, 0x0000000087100000| Complete 
|  58|0x0000000087200000, 0x0000000087300000, 0x0000000087300000|100%|HC|  |TAMS 0x0000000087200000, 0x0000000087200000| Complete 
|  59|0x0000000087300000, 0x0000000087300000, 0x0000000087400000|  0%| F|  |TAMS 0x0000000087300000, 0x0000000087300000| Untracked 
|  60|0x0000000087400000, 0x0000000087400000, 0x0000000087500000|  0%| F|  |TAMS 0x0000000087400000, 0x0000000087400000| Untracked 
|  61|0x0000000087500000, 0x0000000087500000, 0x0000000087600000|  0%| F|  |TAMS 0x0000000087500000, 0x0000000087500000| Untracked 
|  62|0x0000000087600000, 0x0000000087600000, 0x0000000087700000|  0%| F|  |TAMS 0x0000000087600000, 0x0000000087600000| Untracked 
|  63|0x0000000087700000, 0x0000000087700000, 0x0000000087800000|  0%| F|  |TAMS 0x0000000087700000, 0x0000000087700000| Untracked 
|  64|0x0000000087800000, 0x0000000087800000, 0x0000000087900000|  0%| F|  |TAMS 0x0000000087800000, 0x0000000087800000| Untracked 
|  65|0x0000000087900000, 0x0000000087900000, 0x0000000087a00000|  0%| F|  |TAMS 0x0000000087900000, 0x0000000087900000| Untracked 
|  66|0x0000000087a00000, 0x0000000087a00000, 0x0000000087b00000|  0%| F|  |TAMS 0x0000000087a00000, 0x0000000087a00000| Untracked 
|  67|0x0000000087b00000, 0x0000000087b00000, 0x0000000087c00000|  0%| F|  |TAMS 0x0000000087b00000, 0x0000000087b00000| Untracked 
|  68|0x0000000087c00000, 0x0000000087c00000, 0x0000000087d00000|  0%| F|  |TAMS 0x0000000087c00000, 0x0000000087c00000| Untracked 
|  69|0x0000000087d00000, 0x0000000087d00000, 0x0000000087e00000|  0%| F|  |TAMS 0x0000000087d00000, 0x0000000087d00000| Untracked 
|  70|0x0000000087e00000, 0x0000000087e00000, 0x0000000087f00000|  0%| F|  |TAMS 0x0000000087e00000, 0x0000000087e00000| Untracked 
|  71|0x0000000087f00000, 0x0000000087f00000, 0x0000000088000000|  0%| F|  |TAMS 0x0000000087f00000, 0x0000000087f00000| Untracked 
|  72|0x0000000088000000, 0x0000000088000000, 0x0000000088100000|  0%| F|  |TAMS 0x0000000088000000, 0x0000000088000000| Untracked 
|  73|0x0000000088100000, 0x0000000088100000, 0x0000000088200000|  0%| F|  |TAMS 0x0000000088100000, 0x0000000088100000| Untracked 
|  74|0x0000000088200000, 0x0000000088200000, 0x0000000088300000|  0%| F|  |TAMS 0x0000000088200000, 0x0000000088200000| Untracked 
|  75|0x0000000088300000, 0x0000000088300000, 0x0000000088400000|  0%| F|  |TAMS 0x0000000088300000, 0x0000000088300000| Untracked 
|  76|0x0000000088400000, 0x0000000088400000, 0x0000000088500000|  0%| F|  |TAMS 0x0000000088400000, 0x0000000088400000| Untracked 
|  77|0x0000000088500000, 0x0000000088500000, 0x0000000088600000|  0%| F|  |TAMS 0x0000000088500000, 0x0000000088500000| Untracked 
|  78|0x0000000088600000, 0x0000000088600000, 0x0000000088700000|  0%| F|  |TAMS 0x0000000088600000, 0x0000000088600000| Untracked 
|  79|0x0000000088700000, 0x0000000088700000, 0x0000000088800000|  0%| F|  |TAMS 0x0000000088700000, 0x0000000088700000| Untracked 
|  80|0x0000000088800000, 0x00000000888a2c00, 0x0000000088900000| 63%| S|CS|TAMS 0x0000000088800000, 0x0000000088800000| Complete 
|  81|0x0000000088900000, 0x0000000088a00000, 0x0000000088a00000|100%| S|CS|TAMS 0x0000000088900000, 0x0000000088900000| Complete 
|  82|0x0000000088a00000, 0x0000000088b00000, 0x0000000088b00000|100%| S|CS|TAMS 0x0000000088a00000, 0x0000000088a00000| Complete 
|  83|0x0000000088b00000, 0x0000000088b00000, 0x0000000088c00000|  0%| F|  |TAMS 0x0000000088b00000, 0x0000000088b00000| Untracked 
|  84|0x0000000088c00000, 0x0000000088c00000, 0x0000000088d00000|  0%| F|  |TAMS 0x0000000088c00000, 0x0000000088c00000| Untracked 
|  85|0x0000000088d00000, 0x0000000088d00000, 0x0000000088e00000|  0%| F|  |TAMS 0x0000000088d00000, 0x0000000088d00000| Untracked 
| 125|0x000000008b500000, 0x000000008b500000, 0x000000008b600000|  0%| F|  |TAMS 0x000000008b500000, 0x000000008b500000| Untracked 
|1986|0x00000000ffa00000, 0x00000000ffb00000, 0x00000000ffb00000|100%| E|  |TAMS 0x00000000ffa00000, 0x00000000ffa00000| Complete 
|1987|0x00000000ffb00000, 0x00000000ffc00000, 0x00000000ffc00000|100%| E|CS|TAMS 0x00000000ffb00000, 0x00000000ffb00000| Complete 
|1988|0x00000000ffc00000, 0x00000000ffd00000, 0x00000000ffd00000|100%| O|  |TAMS 0x00000000ffd00000, 0x00000000ffc00000| Updating 
|1989|0x00000000ffd00000, 0x00000000ffd00000, 0x00000000ffe00000|  0%| F|  |TAMS 0x00000000ffd00000, 0x00000000ffd00000| Untracked 
|1990|0x00000000ffe00000, 0x00000000fff00000, 0x00000000fff00000|100%| O|  |TAMS 0x00000000fff00000, 0x00000000ffe00000| Updating 
|1991|0x00000000fff00000, 0x0000000100000000, 0x0000000100000000|100%| O|  |TAMS 0x0000000100000000, 0x00000000fff00000| Updating 

Card table byte_map: [0x0000016ba85b0000,0x0000016ba89a0000] _byte_map_base: 0x0000016ba8194000

Marking Bits (Prev, Next): (CMBitMap*) 0x0000016b8f4bf390, (CMBitMap*) 0x0000016b8f4bf350
 Prev Bits: [0x0000016baacb0000, 0x0000016bacbd0000)
 Next Bits: [0x0000016ba8d90000, 0x0000016baacb0000)

Polling page: 0x0000016b98b70000

Metaspace:

Usage:
  Non-class:     40.80 MB used.
      Class:      5.22 MB used.
       Both:     46.02 MB used.

Virtual space:
  Non-class space:       64.00 MB reserved,      41.12 MB ( 64%) committed,  1 nodes.
      Class space:        1.00 GB reserved,       5.44 MB ( <1%) committed,  1 nodes.
             Both:        1.06 GB reserved,      46.56 MB (  4%) committed. 

Chunk freelists:
   Non-Class:  2.55 MB
       Class:  2.56 MB
        Both:  5.11 MB

MaxMetaspaceSize: unlimited
CompressedClassSpaceSize: 1.00 GB
Initial GC threshold: 21.00 MB
Current GC threshold: 46.88 MB
CDS: on
MetaspaceReclaimPolicy: balanced
 - commit_granule_bytes: 65536.
 - commit_granule_words: 8192.
 - virtual_space_node_default_size: 8388608.
 - enlarge_chunks_in_place: 1.
 - new_chunks_are_fully_committed: 0.
 - uncommit_free_chunks: 1.
 - use_allocation_guard: 0.


Internal statistics:

num_allocs_failed_limit: 3.
num_arena_births: 526.
num_arena_deaths: 0.
num_vsnodes_births: 2.
num_vsnodes_deaths: 0.
num_space_committed: 745.
num_space_uncommitted: 0.
num_chunks_returned_to_freelist: 3.
num_chunks_taken_from_freelist: 2102.
num_chunk_merges: 3.
num_chunk_splits: 1576.
num_chunks_enlarged: 1289.
num_inconsistent_stats: 0.

CodeHeap 'non-profiled nmethods': size=120000Kb used=4123Kb max_used=4123Kb free=115876Kb
 bounds [0x0000016ba0660000, 0x0000016ba0a70000, 0x0000016ba7b90000]
CodeHeap 'profiled nmethods': size=120000Kb used=14378Kb max_used=14378Kb free=105621Kb
 bounds [0x0000016b98b90000, 0x0000016b999a0000, 0x0000016ba00c0000]
CodeHeap 'non-nmethods': size=5760Kb used=1370Kb max_used=1447Kb free=4389Kb
 bounds [0x0000016ba00c0000, 0x0000016ba0330000, 0x0000016ba0660000]
 total_blobs=7505 nmethods=6895 adapters=520
 compilation: enabled
              stopped_count=0, restarted_count=0
 full_count=0

Compilation events (20 events):
Event: 175.406 Thread 0x0000016baf221df0 7886       3       sun.util.calendar.CalendarDate::getDayOfWeek (18 bytes)
Event: 175.407 Thread 0x0000016baf221df0 nmethod 7886 0x0000016b99991610 code [0x0000016b999917a0, 0x0000016b99991998]
Event: 175.407 Thread 0x0000016baf221df0 7887       3       java.util.GregorianCalendar::computeFields (1581 bytes)
Event: 175.413 Thread 0x0000016baf221df0 nmethod 7887 0x0000016b99991a10 code [0x0000016b999920a0, 0x0000016b99997058]
Event: 175.413 Thread 0x0000016baf221df0 7889       3       java.time.zone.ZoneRules::getOffsetInfo (278 bytes)
Event: 175.416 Thread 0x0000016baf221df0 nmethod 7889 0x0000016b99999110 code [0x0000016b99999420, 0x0000016b9999a538]
Event: 175.416 Thread 0x0000016baf221df0 7888       3       java.time.ZoneOffset::equals (36 bytes)
Event: 175.416 Thread 0x0000016baf221df0 nmethod 7888 0x0000016b9999ac90 code [0x0000016b9999ae60, 0x0000016b9999b298]
Event: 175.416 Thread 0x0000016baf221df0 7893       1       org.apache.commons.compress.archivers.zip.ZipArchiveEntry::getMethod (5 bytes)
Event: 175.417 Thread 0x0000016baf221df0 nmethod 7893 0x0000016ba0a66690 code [0x0000016ba0a66820, 0x0000016ba0a668d8]
Event: 175.417 Thread 0x0000016baf221df0 7894       1       org.apache.commons.compress.archivers.zip.ZipArchiveEntry::getSize (5 bytes)
Event: 175.417 Thread 0x0000016baf221df0 nmethod 7894 0x0000016ba0a66990 code [0x0000016ba0a66b20, 0x0000016ba0a66bd8]
Event: 175.417 Thread 0x0000016baf221df0 7891       1       org.apache.commons.compress.archivers.zip.ZipArchiveOutputStream$CurrentEntry::access$200 (5 bytes)
Event: 175.417 Thread 0x0000016baf221df0 nmethod 7891 0x0000016ba0a66c90 code [0x0000016ba0a66e20, 0x0000016ba0a66ed8]
Event: 175.417 Thread 0x0000016baf221df0 7896  s    3       java.io.ByteArrayOutputStream::toByteArray (12 bytes)
Event: 175.417 Thread 0x0000016baf221df0 nmethod 7896 0x0000016b9999b390 code [0x0000016b9999b540, 0x0000016b9999b728]
Event: 175.456 Thread 0x0000016baf221df0 7897       3       org.eclipse.sisu.plexus.DefaultPlexusBeans::iterator (9 bytes)
Event: 175.456 Thread 0x0000016baf221df0 nmethod 7897 0x0000016b9999b810 code [0x0000016b9999b9e0, 0x0000016b9999bd88]
Event: 175.456 Thread 0x0000016baf221df0 7898       3       org.eclipse.sisu.plexus.RealmFilteredBeans::iterator (40 bytes)
Event: 175.457 Thread 0x0000016baf221df0 nmethod 7898 0x0000016b9999bf10 code [0x0000016b9999c160, 0x0000016b9999cc58]

GC Heap History (20 events):
Event: 18.083 GC heap before
{Heap before GC invocations=8 (full 0):
 garbage-first heap   total 74752K, used 50800K [0x0000000083800000, 0x0000000100000000)
  region size 1024K, 20 young (20480K), 2 survivors (2048K)
 Metaspace       used 28247K, committed 28672K, reserved 1114112K
  class space    used 3076K, committed 3264K, reserved 1048576K
}
Event: 18.091 GC heap after
{Heap after GC invocations=9 (full 0):
 garbage-first heap   total 74752K, used 34475K [0x0000000083800000, 0x0000000100000000)
  region size 1024K, 3 young (3072K), 3 survivors (3072K)
 Metaspace       used 28247K, committed 28672K, reserved 1114112K
  class space    used 3076K, committed 3264K, reserved 1048576K
}
Event: 18.092 GC heap before
{Heap before GC invocations=9 (full 0):
 garbage-first heap   total 74752K, used 37547K [0x0000000083800000, 0x0000000100000000)
  region size 1024K, 4 young (4096K), 3 survivors (3072K)
 Metaspace       used 28247K, committed 28672K, reserved 1114112K
  class space    used 3076K, committed 3264K, reserved 1048576K
}
Event: 18.099 GC heap after
{Heap after GC invocations=10 (full 0):
 garbage-first heap   total 74752K, used 37567K [0x0000000083800000, 0x0000000100000000)
  region size 1024K, 2 young (2048K), 2 survivors (2048K)
 Metaspace       used 28247K, committed 28672K, reserved 1114112K
  class space    used 3076K, committed 3264K, reserved 1048576K
}
Event: 20.171 GC heap before
{Heap before GC invocations=11 (full 0):
 garbage-first heap   total 75776K, used 74431K [0x0000000083800000, 0x0000000100000000)
  region size 1024K, 21 young (21504K), 2 survivors (2048K)
 Metaspace       used 28698K, committed 29056K, reserved 1114112K
  class space    used 3117K, committed 3264K, reserved 1048576K
}
Event: 20.180 GC heap after
{Heap after GC invocations=12 (full 0):
 garbage-first heap   total 78848K, used 31255K [0x0000000083800000, 0x0000000100000000)
  region size 1024K, 3 young (3072K), 3 survivors (3072K)
 Metaspace       used 28698K, committed 29056K, reserved 1114112K
  class space    used 3117K, committed 3264K, reserved 1048576K
}
Event: 20.257 GC heap before
{Heap before GC invocations=12 (full 0):
 garbage-first heap   total 78848K, used 32279K [0x0000000083800000, 0x0000000100000000)
  region size 1024K, 4 young (4096K), 3 survivors (3072K)
 Metaspace       used 28713K, committed 29120K, reserved 1114112K
  class space    used 3117K, committed 3264K, reserved 1048576K
}
Event: 20.264 GC heap after
{Heap after GC invocations=13 (full 0):
 garbage-first heap   total 78848K, used 28336K [0x0000000083800000, 0x0000000100000000)
  region size 1024K, 1 young (1024K), 1 survivors (1024K)
 Metaspace       used 28713K, committed 29120K, reserved 1114112K
  class space    used 3117K, committed 3264K, reserved 1048576K
}
Event: 23.963 GC heap before
{Heap before GC invocations=13 (full 0):
 garbage-first heap   total 78848K, used 60080K [0x0000000083800000, 0x0000000100000000)
  region size 1024K, 32 young (32768K), 1 survivors (1024K)
 Metaspace       used 30318K, committed 30848K, reserved 1114112K
  class space    used 3315K, committed 3584K, reserved 1048576K
}
Event: 23.968 GC heap after
{Heap after GC invocations=14 (full 0):
 garbage-first heap   total 95232K, used 30351K [0x0000000083800000, 0x0000000100000000)
  region size 1024K, 3 young (3072K), 3 survivors (3072K)
 Metaspace       used 30318K, committed 30848K, reserved 1114112K
  class space    used 3315K, committed 3584K, reserved 1048576K
}
Event: 26.017 GC heap before
{Heap before GC invocations=14 (full 0):
 garbage-first heap   total 95232K, used 72335K [0x0000000083800000, 0x0000000100000000)
  region size 1024K, 44 young (45056K), 3 survivors (3072K)
 Metaspace       used 30474K, committed 31040K, reserved 1114112K
  class space    used 3327K, committed 3584K, reserved 1048576K
}
Event: 26.028 GC heap after
{Heap after GC invocations=15 (full 0):
 garbage-first heap   total 95232K, used 32493K [0x0000000083800000, 0x0000000100000000)
  region size 1024K, 5 young (5120K), 5 survivors (5120K)
 Metaspace       used 30474K, committed 31040K, reserved 1114112K
  class space    used 3327K, committed 3584K, reserved 1048576K
}
Event: 27.249 GC heap before
{Heap before GC invocations=15 (full 0):
 garbage-first heap   total 95232K, used 75501K [0x0000000083800000, 0x0000000100000000)
  region size 1024K, 45 young (46080K), 5 survivors (5120K)
 Metaspace       used 30913K, committed 31424K, reserved 1114112K
  class space    used 3382K, committed 3648K, reserved 1048576K
}
Event: 27.258 GC heap after
{Heap after GC invocations=16 (full 0):
 garbage-first heap   total 95232K, used 36883K [0x0000000083800000, 0x0000000100000000)
  region size 1024K, 6 young (6144K), 6 survivors (6144K)
 Metaspace       used 30913K, committed 31424K, reserved 1114112K
  class space    used 3382K, committed 3648K, reserved 1048576K
}
Event: 32.474 GC heap before
{Heap before GC invocations=16 (full 0):
 garbage-first heap   total 95232K, used 73747K [0x0000000083800000, 0x0000000100000000)
  region size 1024K, 42 young (43008K), 6 survivors (6144K)
 Metaspace       used 39176K, committed 39808K, reserved 1114112K
  class space    used 4317K, committed 4608K, reserved 1048576K
}
Event: 32.492 GC heap after
{Heap after GC invocations=17 (full 0):
 garbage-first heap   total 95232K, used 39498K [0x0000000083800000, 0x0000000100000000)
  region size 1024K, 3 young (3072K), 3 survivors (3072K)
 Metaspace       used 39176K, committed 39808K, reserved 1114112K
  class space    used 4317K, committed 4608K, reserved 1048576K
}
Event: 39.015 GC heap before
{Heap before GC invocations=17 (full 0):
 garbage-first heap   total 95232K, used 75338K [0x0000000083800000, 0x0000000100000000)
  region size 1024K, 38 young (38912K), 3 survivors (3072K)
 Metaspace       used 46051K, committed 46528K, reserved 1114112K
  class space    used 5222K, committed 5440K, reserved 1048576K
}
Event: 39.027 GC heap after
{Heap after GC invocations=18 (full 0):
 garbage-first heap   total 95232K, used 41719K [0x0000000083800000, 0x0000000100000000)
  region size 1024K, 2 young (2048K), 2 survivors (2048K)
 Metaspace       used 46051K, committed 46528K, reserved 1114112K
  class space    used 5222K, committed 5440K, reserved 1048576K
}
Event: 175.258 GC heap before
{Heap before GC invocations=18 (full 0):
 garbage-first heap   total 95232K, used 49911K [0x0000000083800000, 0x0000000100000000)
  region size 1024K, 8 young (8192K), 2 survivors (2048K)
 Metaspace       used 46884K, committed 47424K, reserved 1114112K
  class space    used 5321K, committed 5568K, reserved 1048576K
}
Event: 175.277 GC heap after
{Heap after GC invocations=19 (full 0):
 garbage-first heap   total 95232K, used 45509K [0x0000000083800000, 0x0000000100000000)
  region size 1024K, 3 young (3072K), 3 survivors (3072K)
 Metaspace       used 46884K, committed 47424K, reserved 1114112K
  class space    used 5321K, committed 5568K, reserved 1048576K
}

Dll operation events (10 events):
Event: 0.007 Loaded shared library C:\Users\IMOE001\.jdks\openjdk-19.0.1\bin\java.dll
Event: 0.015 Loaded shared library C:\Users\IMOE001\.jdks\openjdk-19.0.1\bin\jsvml.dll
Event: 0.048 Loaded shared library C:\Users\IMOE001\.jdks\openjdk-19.0.1\bin\net.dll
Event: 0.049 Loaded shared library C:\Users\IMOE001\.jdks\openjdk-19.0.1\bin\nio.dll
Event: 0.052 Loaded shared library C:\Users\IMOE001\.jdks\openjdk-19.0.1\bin\zip.dll
Event: 0.148 Loaded shared library C:\Users\IMOE001\.jdks\openjdk-19.0.1\bin\jimage.dll
Event: 0.156 Loaded shared library C:\apache-maven-3.8.6\lib\jansi-native\Windows\x86_64\jansi.dll
Event: 0.173 Loaded shared library C:\Users\IMOE001\.jdks\openjdk-19.0.1\bin\verify.dll
Event: 31.634 Loaded shared library C:\Users\IMOE001\.jdks\openjdk-19.0.1\bin\extnet.dll
Event: 31.905 Loaded shared library C:\Users\IMOE001\.jdks\openjdk-19.0.1\bin\sunmscapi.dll

Deoptimization events (20 events):
Event: 175.164 Thread 0x0000016b8f45f040 Uncommon trap: trap_request=0xffffffde fr.pc=0x0000016ba08dfbc4 relative=0x0000000000001da4
Event: 175.164 Thread 0x0000016b8f45f040 Uncommon trap: reason=class_check action=maybe_recompile pc=0x0000016ba08dfbc4 method=org.apache.maven.model.Plugin.clone()Lorg/apache/maven/model/Plugin; @ 94 c2
Event: 175.164 Thread 0x0000016b8f45f040 DEOPT PACKING pc=0x0000016ba08dfbc4 sp=0x0000002b421fdc40
Event: 175.164 Thread 0x0000016b8f45f040 DEOPT UNPACKING pc=0x0000016ba0126da3 sp=0x0000002b421fdc40 mode 2
Event: 175.405 Thread 0x0000016b8f45f040 Uncommon trap: trap_request=0xffffffde fr.pc=0x0000016ba0a52dfc relative=0x000000000000043c
Event: 175.405 Thread 0x0000016b8f45f040 Uncommon trap: reason=class_check action=maybe_recompile pc=0x0000016ba0a52dfc method=java.io.InputStream.read([B)I @ 5 c2
Event: 175.405 Thread 0x0000016b8f45f040 DEOPT PACKING pc=0x0000016ba0a52dfc sp=0x0000002b421fdb80
Event: 175.405 Thread 0x0000016b8f45f040 DEOPT UNPACKING pc=0x0000016ba0126da3 sp=0x0000002b421fdb58 mode 2
Event: 175.405 Thread 0x0000016b8f45f040 Uncommon trap: trap_request=0xffffffde fr.pc=0x0000016ba0a52dfc relative=0x000000000000043c
Event: 175.405 Thread 0x0000016b8f45f040 Uncommon trap: reason=class_check action=maybe_recompile pc=0x0000016ba0a52dfc method=java.io.InputStream.read([B)I @ 5 c2
Event: 175.405 Thread 0x0000016b8f45f040 DEOPT PACKING pc=0x0000016ba0a52dfc sp=0x0000002b421fdb80
Event: 175.405 Thread 0x0000016b8f45f040 DEOPT UNPACKING pc=0x0000016ba0126da3 sp=0x0000002b421fdb58 mode 2
Event: 175.406 Thread 0x0000016b8f45f040 Uncommon trap: trap_request=0xffffffde fr.pc=0x0000016ba0a52dfc relative=0x000000000000043c
Event: 175.406 Thread 0x0000016b8f45f040 Uncommon trap: reason=class_check action=maybe_recompile pc=0x0000016ba0a52dfc method=java.io.InputStream.read([B)I @ 5 c2
Event: 175.406 Thread 0x0000016b8f45f040 DEOPT PACKING pc=0x0000016ba0a52dfc sp=0x0000002b421fdb80
Event: 175.406 Thread 0x0000016b8f45f040 DEOPT UNPACKING pc=0x0000016ba0126da3 sp=0x0000002b421fdb58 mode 2
Event: 175.406 Thread 0x0000016b8f45f040 Uncommon trap: trap_request=0xffffffde fr.pc=0x0000016ba0a52dfc relative=0x000000000000043c
Event: 175.406 Thread 0x0000016b8f45f040 Uncommon trap: reason=class_check action=maybe_recompile pc=0x0000016ba0a52dfc method=java.io.InputStream.read([B)I @ 5 c2
Event: 175.406 Thread 0x0000016b8f45f040 DEOPT PACKING pc=0x0000016ba0a52dfc sp=0x0000002b421fdb80
Event: 175.406 Thread 0x0000016b8f45f040 DEOPT UNPACKING pc=0x0000016ba0126da3 sp=0x0000002b421fdb58 mode 2

Classes loaded (20 events):
Event: 38.867 Loading class sun/nio/ch/OptionKey
Event: 38.868 Loading class sun/nio/ch/OptionKey done
Event: 38.868 Loading class sun/nio/ch/ExtendedSocketOption
Event: 38.869 Loading class sun/nio/ch/ExtendedSocketOption done
Event: 38.869 Loading class sun/nio/ch/ExtendedSocketOption$1
Event: 38.869 Loading class sun/nio/ch/ExtendedSocketOption$1 done
Event: 39.103 Loading class sun/nio/cs/ThreadLocalCoders
Event: 39.104 Loading class sun/nio/cs/ThreadLocalCoders done
Event: 39.104 Loading class sun/nio/cs/ThreadLocalCoders$1
Event: 39.105 Loading class sun/nio/cs/ThreadLocalCoders$Cache
Event: 39.106 Loading class sun/nio/cs/ThreadLocalCoders$Cache done
Event: 39.106 Loading class sun/nio/cs/ThreadLocalCoders$1 done
Event: 39.106 Loading class sun/nio/cs/ThreadLocalCoders$2
Event: 39.106 Loading class sun/nio/cs/ThreadLocalCoders$2 done
Event: 157.169 Loading class java/util/concurrent/Executors$FinalizableDelegatedExecutorService
Event: 157.178 Loading class java/util/concurrent/Executors$DelegatedExecutorService
Event: 157.187 Loading class java/util/concurrent/Executors$DelegatedExecutorService done
Event: 157.187 Loading class java/util/concurrent/Executors$FinalizableDelegatedExecutorService done
Event: 175.181 Loading class java/nio/file/attribute/DosFileAttributeView
Event: 175.184 Loading class java/nio/file/attribute/DosFileAttributeView done

Classes unloaded (0 events):
No events

Classes redefined (0 events):
No events

Internal exceptions (20 events):
Event: 14.232 Thread 0x0000016b8f45f040 Exception <a 'java/lang/NoSuchMethodError'{0x0000000086318f60}: 'java.lang.String org.apache.maven.execution.MavenExecutionRequest.getFailureBehavior()'> (0x0000000086318f60) 
thrown [s\open\src\hotspot\share\interpreter\linkResolver.cpp, line 870]
Event: 14.289 Thread 0x0000016baf2307a0 Exception <a 'java/lang/NoSuchMethodError'{0x00000000863bbea8}: 'java.lang.Object java.lang.invoke.DirectMethodHandle$Holder.invokeStatic(java.lang.Object, long, java.lang.Object)'> (0x00000000863bbea8) 
thrown [s\open\src\hotspot\share\interpreter\linkResolver.cpp, line 774]
Event: 14.290 Thread 0x0000016baf2307a0 Exception <a 'java/lang/NoSuchMethodError'{0x00000000863bf628}: 'java.lang.Object java.lang.invoke.DirectMethodHandle$Holder.invokeStaticInit(java.lang.Object, long, java.lang.Object)'> (0x00000000863bf628) 
thrown [s\open\src\hotspot\share\interpreter\linkResolver.cpp, line 774]
Event: 14.291 Thread 0x0000016baf2307a0 Exception <a 'java/lang/NoSuchMethodError'{0x00000000863c5278}: 'java.lang.Object java.lang.invoke.DirectMethodHandle$Holder.newInvokeSpecial(java.lang.Object, long)'> (0x00000000863c5278) 
thrown [s\open\src\hotspot\share\interpreter\linkResolver.cpp, line 774]
Event: 14.301 Thread 0x0000016baf2307a0 Exception <a 'java/lang/NoSuchMethodError'{0x00000000863c9b88}: 'long java.lang.invoke.DirectMethodHandle$Holder.invokeInterface(java.lang.Object, java.lang.Object)'> (0x00000000863c9b88) 
thrown [s\open\src\hotspot\share\interpreter\linkResolver.cpp, line 774]
Event: 14.303 Thread 0x0000016baf2307a0 Exception <a 'java/lang/NoSuchMethodError'{0x00000000863cde08}: 'long java.lang.invoke.DelegatingMethodHandle$Holder.reinvoke_L(java.lang.Object, java.lang.Object)'> (0x00000000863cde08) 
thrown [s\open\src\hotspot\share\interpreter\linkResolver.cpp, line 774]
Event: 17.725 Thread 0x0000016b8f45f040 Exception <a 'java/lang/NoSuchMethodError'{0x0000000086902558}: 'java.lang.Object java.lang.invoke.Invokers$Holder.invokeExact_MT(java.lang.Object, java.lang.Object, java.lang.Object, java.lang.Object, java.lang.Object, java.lang.Object)'> (0x0000000086902558) 
thrown [s\open\src\hotspot\share\interpreter\linkResolver.cpp, line 774]
Event: 18.075 Thread 0x0000016b8f45f040 Exception <a 'java/lang/NoSuchMethodError'{0x00000000869db8a0}: 'void java.lang.invoke.DirectMethodHandle$Holder.invokeStaticInit(java.lang.Object, java.lang.Object)'> (0x00000000869db8a0) 
thrown [s\open\src\hotspot\share\interpreter\linkResolver.cpp, line 774]
Event: 22.000 Thread 0x0000016b8f45f040 Exception <a 'java/lang/NoClassDefFoundError'{0x0000000086d94ff0}: org/sonatype/aether/graph/Dependency> (0x0000000086d94ff0) 
thrown [s\open\src\hotspot\share\classfile\systemDictionary.cpp, line 244]
Event: 22.514 Thread 0x0000016b8f45f040 Exception <a 'java/lang/NoSuchMethodError'{0x00000000867b2838}: 'void java.lang.invoke.DirectMethodHandle$Holder.invokeStatic(java.lang.Object, java.lang.Object, java.lang.Object, java.lang.Object)'> (0x00000000867b2838) 
thrown [s\open\src\hotspot\share\interpreter\linkResolver.cpp, line 774]
Event: 27.353 Thread 0x0000016b8f45f040 Exception <a 'java/lang/NoSuchMethodError'{0x0000000088dfc518}: 'void java.lang.invoke.DelegatingMethodHandle$Holder.reinvoke_L(java.lang.Object, java.lang.Object, long)'> (0x0000000088dfc518) 
thrown [s\open\src\hotspot\share\interpreter\linkResolver.cpp, line 774]
Event: 31.620 Thread 0x0000016b8f45f040 Exception <a 'java/net/UnknownHostException'{0x0000000087a095e8}> (0x0000000087a095e8) 
thrown [s\open\src\hotspot\share\prims\jni.cpp, line 517]
Event: 31.733 Thread 0x0000016b8f45f040 Exception <a 'sun/nio/fs/WindowsException'{0x0000000087839820}> (0x0000000087839820) 
thrown [s\open\src\hotspot\share\prims\jni.cpp, line 517]
Event: 31.733 Thread 0x0000016b8f45f040 Exception <a 'sun/nio/fs/WindowsException'{0x00000000878399c8}> (0x00000000878399c8) 
thrown [s\open\src\hotspot\share\prims\jni.cpp, line 517]
Event: 31.870 Thread 0x0000016b8f45f040 Exception <a 'java/lang/NoClassDefFoundError'{0x0000000087598fa8}: org/apache/log4j/Priority> (0x0000000087598fa8) 
thrown [s\open\src\hotspot\share\classfile\systemDictionary.cpp, line 244]
Event: 31.983 Thread 0x0000016b8f45f040 Exception <a 'sun/nio/fs/WindowsException'{0x0000000087498880}> (0x0000000087498880) 
thrown [s\open\src\hotspot\share\prims\jni.cpp, line 517]
Event: 32.414 Thread 0x0000016b8f45f040 Exception <a 'java/lang/NoSuchMethodError'{0x0000000086e37f10}: 'java.lang.Object java.lang.invoke.DirectMethodHandle$Holder.invokeStaticInit(java.lang.Object, java.lang.Object, int, int, int, int)'> (0x0000000086e37f10) 
thrown [s\open\src\hotspot\share\interpreter\linkResolver.cpp, line 774]
Event: 33.158 Thread 0x0000016b8f45f040 Exception <a 'sun/nio/fs/WindowsException'{0x0000000087f4ce58}> (0x0000000087f4ce58) 
thrown [s\open\src\hotspot\share\prims\jni.cpp, line 517]
Event: 33.158 Thread 0x0000016b8f45f040 Exception <a 'sun/nio/fs/WindowsException'{0x0000000087f4d0c8}> (0x0000000087f4d0c8) 
thrown [s\open\src\hotspot\share\prims\jni.cpp, line 517]
Event: 38.148 Thread 0x0000016b8f45f040 Implicit null exception at 0x0000016ba08f3f20 to 0x0000016ba08f46a4

VM Operations (20 events):
Event: 38.693 Executing VM operation: HandshakeAllThreads done
Event: 38.808 Executing VM operation: HandshakeAllThreads
Event: 38.808 Executing VM operation: HandshakeAllThreads done
Event: 39.015 Executing VM operation: G1CollectForAllocation
Event: 39.027 Executing VM operation: G1CollectForAllocation done
Event: 40.028 Executing VM operation: Cleanup
Event: 40.028 Executing VM operation: Cleanup done
Event: 46.086 Executing VM operation: Cleanup
Event: 46.086 Executing VM operation: Cleanup done
Event: 49.113 Executing VM operation: Cleanup
Event: 49.113 Executing VM operation: Cleanup done
Event: 136.788 Executing VM operation: Cleanup
Event: 136.820 Executing VM operation: Cleanup done
Event: 157.939 Executing VM operation: Cleanup
Event: 157.939 Executing VM operation: Cleanup done
Event: 175.133 Executing VM operation: Cleanup
Event: 175.134 Executing VM operation: Cleanup done
Event: 175.257 Executing VM operation: G1TryInitiateConcMark
Event: 175.277 Executing VM operation: G1TryInitiateConcMark done
Event: 175.464 Executing VM operation: G1PauseRemark

Events (20 events):
Event: 33.488 Thread 0x0000016baf230cf0 flushing nmethod 0x0000016ba07e8010
Event: 33.488 Thread 0x0000016baf230cf0 flushing nmethod 0x0000016ba07f5390
Event: 33.488 Thread 0x0000016baf230cf0 flushing nmethod 0x0000016ba07fad90
Event: 33.488 Thread 0x0000016baf230cf0 flushing nmethod 0x0000016ba0806210
Event: 33.492 Thread 0x0000016baf230cf0 flushing nmethod 0x0000016b98d61610
Event: 33.492 Thread 0x0000016baf230cf0 flushing nmethod 0x0000016b98d65d10
Event: 38.564 Thread 0x0000016baf22f260 Thread added: 0x0000016baf22f260
Event: 39.043 Thread 0x0000016baf22ed10 Thread added: 0x0000016baf22ed10
Event: 99.010 Thread 0x0000016baf22f260 Thread exited: 0x0000016baf22f260
Event: 157.337 Thread 0x0000016baf22e7c0 Thread added: 0x0000016baf22e7c0
Event: 174.796 Thread 0x0000016baf22e7c0 Thread exited: 0x0000016baf22e7c0
Event: 175.214 Thread 0x0000016bb53ba610 Thread added: 0x0000016bb53ba610
Event: 175.339 Thread 0x0000016baf22e7c0 Thread added: 0x0000016baf22e7c0
Event: 175.340 Thread 0x0000016baf22f260 Thread added: 0x0000016baf22f260
Event: 175.341 Thread 0x0000016bb6b6f930 Thread added: 0x0000016bb6b6f930
Event: 175.342 Thread 0x0000016bb6b70e70 Thread added: 0x0000016bb6b70e70
Event: 175.413 Thread 0x0000016bb6b70e70 Thread exited: 0x0000016bb6b70e70
Event: 175.414 Thread 0x0000016bb6b6f930 Thread exited: 0x0000016bb6b6f930
Event: 175.414 Thread 0x0000016baf22e7c0 Thread exited: 0x0000016baf22e7c0
Event: 175.414 Thread 0x0000016baf22f260 Thread exited: 0x0000016baf22f260


Dynamic libraries:
0x00007ff7d1560000 - 0x00007ff7d156e000 	C:\Users\IMOE001\.jdks\openjdk-19.0.1\bin\java.exe
0x00007ffb17b10000 - 0x00007ffb17d08000 	C:\WINDOWS\SYSTEM32\ntdll.dll
0x00007ffb17570000 - 0x00007ffb1762f000 	C:\WINDOWS\System32\KERNEL32.DLL
0x00007ffb15320000 - 0x00007ffb155f2000 	C:\WINDOWS\System32\KERNELBASE.dll
0x00007ffb15870000 - 0x00007ffb15970000 	C:\WINDOWS\System32\ucrtbase.dll
0x00007ffafe0a0000 - 0x00007ffafe0bb000 	C:\Users\IMOE001\.jdks\openjdk-19.0.1\bin\VCRUNTIME140.dll
0x00007ffafe0c0000 - 0x00007ffafe0d7000 	C:\Users\IMOE001\.jdks\openjdk-19.0.1\bin\jli.dll
0x00007ffb172e0000 - 0x00007ffb17481000 	C:\WINDOWS\System32\USER32.dll
0x00007ffaf9210000 - 0x00007ffaf94aa000 	C:\WINDOWS\WinSxS\amd64_microsoft.windows.common-controls_6595b64144ccf1df_6.0.19041.1110_none_60b5254171f9507e\COMCTL32.dll
0x00007ffb15840000 - 0x00007ffb15862000 	C:\WINDOWS\System32\win32u.dll
0x00007ffb161b0000 - 0x00007ffb161db000 	C:\WINDOWS\System32\GDI32.dll
0x00007ffb17630000 - 0x00007ffb176ce000 	C:\WINDOWS\System32\msvcrt.dll
0x00007ffb15210000 - 0x00007ffb1531f000 	C:\WINDOWS\System32\gdi32full.dll
0x00007ffb159c0000 - 0x00007ffb15a5d000 	C:\WINDOWS\System32\msvcp_win.dll
0x00007ffb17120000 - 0x00007ffb17150000 	C:\WINDOWS\System32\IMM32.DLL
0x00007ffb0f6a0000 - 0x00007ffb0f6ac000 	C:\Users\IMOE001\.jdks\openjdk-19.0.1\bin\vcruntime140_1.dll
0x00007ffafb8b0000 - 0x00007ffafb93e000 	C:\Users\IMOE001\.jdks\openjdk-19.0.1\bin\msvcp140.dll
0x00007ffada220000 - 0x00007ffadaee0000 	C:\Users\IMOE001\.jdks\openjdk-19.0.1\bin\server\jvm.dll
0x00007ffb16670000 - 0x00007ffb1671e000 	C:\WINDOWS\System32\ADVAPI32.dll
0x00007ffb16730000 - 0x00007ffb167cc000 	C:\WINDOWS\System32\sechost.dll
0x00007ffb179a0000 - 0x00007ffb17ac4000 	C:\WINDOWS\System32\RPCRT4.dll
0x00007ffb01420000 - 0x00007ffb01447000 	C:\WINDOWS\SYSTEM32\WINMM.dll
0x00007ffafb250000 - 0x00007ffafb259000 	C:\WINDOWS\SYSTEM32\WSOCK32.dll
0x00007ffb0c0c0000 - 0x00007ffb0c0ca000 	C:\WINDOWS\SYSTEM32\VERSION.dll
0x00007ffb17930000 - 0x00007ffb1799b000 	C:\WINDOWS\System32\WS2_32.dll
0x00007ffb13090000 - 0x00007ffb130a2000 	C:\WINDOWS\SYSTEM32\kernel.appcore.dll
0x00007ffafe090000 - 0x00007ffafe09a000 	C:\Users\IMOE001\.jdks\openjdk-19.0.1\bin\jimage.dll
0x00007ffb08aa0000 - 0x00007ffb08c84000 	C:\WINDOWS\SYSTEM32\DBGHELP.DLL
0x00007ffb00ec0000 - 0x00007ffb00ef5000 	C:\WINDOWS\SYSTEM32\dbgcore.DLL
0x00007ffb15ad0000 - 0x00007ffb15b52000 	C:\WINDOWS\System32\bcryptPrimitives.dll
0x00007ffafe060000 - 0x00007ffafe086000 	C:\Users\IMOE001\.jdks\openjdk-19.0.1\bin\java.dll
0x00007ffae03f0000 - 0x00007ffae04c7000 	C:\Users\IMOE001\.jdks\openjdk-19.0.1\bin\jsvml.dll
0x00007ffb16970000 - 0x00007ffb170b5000 	C:\WINDOWS\System32\SHELL32.dll
0x00007ffb13290000 - 0x00007ffb13a22000 	C:\WINDOWS\SYSTEM32\windows.storage.dll
0x00007ffb16310000 - 0x00007ffb16665000 	C:\WINDOWS\System32\combase.dll
0x00007ffb14ab0000 - 0x00007ffb14ae0000 	C:\WINDOWS\SYSTEM32\Wldp.dll
0x00007ffb16260000 - 0x00007ffb1630d000 	C:\WINDOWS\System32\SHCORE.dll
0x00007ffb170c0000 - 0x00007ffb17115000 	C:\WINDOWS\System32\shlwapi.dll
0x00007ffb15150000 - 0x00007ffb1516f000 	C:\WINDOWS\SYSTEM32\profapi.dll
0x00007ffafe040000 - 0x00007ffafe053000 	C:\Users\IMOE001\.jdks\openjdk-19.0.1\bin\net.dll
0x00007ffb0dbd0000 - 0x00007ffb0dcda000 	C:\WINDOWS\SYSTEM32\WINHTTP.dll
0x00007ffb14890000 - 0x00007ffb148fa000 	C:\WINDOWS\system32\mswsock.dll
0x00007ffafdba0000 - 0x00007ffafdbb6000 	C:\Users\IMOE001\.jdks\openjdk-19.0.1\bin\nio.dll
0x00007ffaf6d90000 - 0x00007ffaf6da8000 	C:\Users\IMOE001\.jdks\openjdk-19.0.1\bin\zip.dll
0x0000000069ac0000 - 0x0000000069ae4000 	C:\apache-maven-3.8.6\lib\jansi-native\Windows\x86_64\jansi.dll
0x00007ffaed6e0000 - 0x00007ffaed6f0000 	C:\Users\IMOE001\.jdks\openjdk-19.0.1\bin\verify.dll
0x00007ffb145e0000 - 0x00007ffb146ab000 	C:\WINDOWS\SYSTEM32\DNSAPI.dll
0x00007ffb145a0000 - 0x00007ffb145db000 	C:\WINDOWS\SYSTEM32\IPHLPAPI.DLL
0x00007ffb15b60000 - 0x00007ffb15b68000 	C:\WINDOWS\System32\NSI.dll
0x00007ffb04280000 - 0x00007ffb0428a000 	C:\Windows\System32\rasadhlp.dll
0x00007ffafdb90000 - 0x00007ffafdb98000 	C:\Users\IMOE001\.jdks\openjdk-19.0.1\bin\extnet.dll
0x00007ffb10e70000 - 0x00007ffb10e7e000 	C:\Users\IMOE001\.jdks\openjdk-19.0.1\bin\sunmscapi.dll
0x00007ffb15600000 - 0x00007ffb15756000 	C:\WINDOWS\System32\CRYPT32.dll
0x00007ffb14c70000 - 0x00007ffb14c97000 	C:\WINDOWS\SYSTEM32\ncrypt.dll
0x00007ffb14c10000 - 0x00007ffb14c4b000 	C:\WINDOWS\SYSTEM32\NTASN1.dll
0x00007ffb14b60000 - 0x00007ffb14b78000 	C:\WINDOWS\SYSTEM32\CRYPTSP.dll
0x00007ffb141d0000 - 0x00007ffb14204000 	C:\WINDOWS\system32\rsaenh.dll
0x00007ffb15810000 - 0x00007ffb15837000 	C:\WINDOWS\System32\bcrypt.dll
0x00007ffb15110000 - 0x00007ffb1513e000 	C:\WINDOWS\SYSTEM32\USERENV.dll
0x00007ffb14a20000 - 0x00007ffb14a2c000 	C:\WINDOWS\SYSTEM32\CRYPTBASE.dll
0x00007ffb0e310000 - 0x00007ffb0e327000 	C:\WINDOWS\SYSTEM32\dhcpcsvc6.DLL
0x00007ffb0e2f0000 - 0x00007ffb0e30d000 	C:\WINDOWS\SYSTEM32\dhcpcsvc.DLL
0x00007ffb048a0000 - 0x00007ffb04920000 	C:\WINDOWS\System32\fwpuclnt.dll

dbghelp: loaded successfully - version: 4.0.5 - missing functions: none
symbol engine: initialized successfully - sym options: 0x614 - pdb path: .;C:\Users\IMOE001\.jdks\openjdk-19.0.1\bin;C:\WINDOWS\SYSTEM32;C:\WINDOWS\WinSxS\amd64_microsoft.windows.common-controls_6595b64144ccf1df_6.0.19041.1110_none_60b5254171f9507e;C:\Users\IMOE001\.jdks\openjdk-19.0.1\bin\server;C:\apache-maven-3.8.6\lib\jansi-native\Windows\x86_64

VM Arguments:
jvm_args: -Dclassworlds.conf=C:\apache-maven-3.8.6\bin\m2.conf -Dmaven.home=C:\apache-maven-3.8.6 -Dlibrary.jansi.path=C:\apache-maven-3.8.6\lib\jansi-native -Dmaven.multiModuleProjectDirectory=C:\Users\IMOE001\Desktop\ProjectX\server 
java_command: org.codehaus.plexus.classworlds.launcher.Launcher clean install
java_class_path (initial): C:\apache-maven-3.8.6\boot\plexus-classworlds-2.6.0.jar
Launcher Type: SUN_STANDARD

[Global flags]
     intx CICompilerCount                          = 3                                         {product} {ergonomic}
     uint ConcGCThreads                            = 1                                         {product} {ergonomic}
     uint G1ConcRefinementThreads                  = 4                                         {product} {ergonomic}
   size_t G1HeapRegionSize                         = 1048576                                   {product} {ergonomic}
    uintx GCDrainStackTargetSize                   = 64                                        {product} {ergonomic}
   size_t InitialHeapSize                          = 132120576                                 {product} {ergonomic}
   size_t MarkStackSize                            = 4194304                                   {product} {ergonomic}
   size_t MaxHeapSize                              = 2088763392                                {product} {ergonomic}
   size_t MaxNewSize                               = 1253048320                                {product} {ergonomic}
   size_t MinHeapDeltaBytes                        = 1048576                                   {product} {ergonomic}
   size_t MinHeapSize                              = 8388608                                   {product} {ergonomic}
    uintx NonNMethodCodeHeapSize                   = 5832780                                {pd product} {ergonomic}
    uintx NonProfiledCodeHeapSize                  = 122912730                              {pd product} {ergonomic}
    uintx ProfiledCodeHeapSize                     = 122912730                              {pd product} {ergonomic}
    uintx ReservedCodeCacheSize                    = 251658240                              {pd product} {ergonomic}
     bool SegmentedCodeCache                       = true                                      {product} {ergonomic}
   size_t SoftMaxHeapSize                          = 2088763392                             {manageable} {ergonomic}
     bool UseCompressedClassPointers               = true                           {product lp64_product} {ergonomic}
     bool UseCompressedOops                        = true                           {product lp64_product} {ergonomic}
     bool UseG1GC                                  = true                                      {product} {ergonomic}
     bool UseLargePagesIndividualAllocation        = false                                  {pd product} {ergonomic}

Logging:
Log output configuration:
 #0: stdout all=warning uptime,level,tags foldmultilines=false
 #1: stderr all=off uptime,level,tags foldmultilines=false

Environment Variables:
JAVA_HOME=C:\Users\IMOE001\.jdks\openjdk-19.0.1
PATH=C:\Program Files\Python311\Scripts\;C:\Program Files\Python311\;C:\Program Files (x86)\VMware\VMware Player\bin\;C:\Program Files\Python311;C:\Program Files\Python311;C:\WINDOWS\system32;C:\WINDOWS;C:\WINDOWS\System32\Wbem;C:\WINDOWS\System32\WindowsPowerShell\v1.0\;C:\WINDOWS\System32\OpenSSH\;C:\Program Files\Intel\WiFi\bin\;C:\Program Files\Common Files\Intel\WirelessCommon\;C:\Users\IMOE001\AppData\Local\Microsoft\WindowsApps\python.exe;C:\Program Files\nodejs\;C:\ProgramData\chocolatey\bin;C:\Program Files\Git\cmd;C:\Program Files\Microsoft\Web Platform Installer\;c:\Program Files (x86)\Microsoft SQL Server\100\Tools\Binn\;c:\Program Files\Microsoft SQL Server\100\Tools\Binn\;c:\Program Files\Microsoft SQL Server\100\DTS\Binn\;C:\Users\IMOE001\.jdks\openjdk-19.0.1\bin;C:\apache-maven-3.8.6\bin;;C:\Program Files\Docker\Docker\resources\bin;C:\Program Files\MySQL\MySQL Shell 8.0\bin\;C:\Users\IMOE001\AppData\Local\Microsoft\WindowsApps;C:\Program Files\JetBrains\PyCharm Community Edition 2020.3.2\bin;;C:\Users\IMOE001\AppData\Local\Microsoft\WindowsApps;C:\Users\IMOE001\AppData\Roaming\npm;C:\Program Files\MySQL\MySQL Workbench 8.0;;C:\Users\IMOE001\AppData\Local\Programs\Microsoft VS Code\bin;C:\Program Files\JetBrains\IntelliJ IDEA Community Edition 2022.3.1\bin;
USERNAME=IMOE001
OS=Windows_NT
PROCESSOR_IDENTIFIER=Intel64 Family 6 Model 142 Stepping 12, GenuineIntel
TMP=C:\Users\IMOE001\AppData\Local\Temp
TEMP=C:\Users\IMOE001\AppData\Local\Temp



---------------  S Y S T E M  ---------------

OS:
 Windows 10 , 64 bit Build 19041 (10.0.19041.2546)
OS uptime: 0 days 2:22 hours
Hyper-V role detected

CPU: total 4 (initial active 4) (2 cores per cpu, 2 threads per core) family 6 model 142 stepping 12 microcode 0xca, cx8, cmov, fxsr, ht, mmx, 3dnowpref, sse, sse2, sse3, ssse3, sse4.1, sse4.2, popcnt, lzcnt, tsc, tscinvbit, avx, avx2, aes, erms, clmul, bmi1, bmi2, adx, fma, vzeroupper, clflush, clflushopt, hv, rdtscp

Memory: 4k page, system-wide physical 7960M (700M free)
TotalPageFile size 32536M (AvailPageFile size 6M)
current process WorkingSet (physical memory assigned to process): 162M, peak: 229M
current process commit charge ("private bytes"): 290M, peak: 310M

vm_info: OpenJDK 64-Bit Server VM (19.0.1+10-21) for windows-amd64 JRE (19.0.1+10-21), built on 2022-09-14T12:45:06Z by "mach5one" with MS VC++ 17.1 (VS2022)

END.
